
> web@0.0.0 typecheck
> tsc --noEmit

src/pages/onboarding/OnboardingScreen.tsx(56,5): error TS2322: Type 'Resolver<{ gender: "male" | "female"; age: number; height: number; weight: number; activityLevel: "sedentary" | "light" | "moderate" | "heavy" | "athlete"; goal: "lose_weight" | "maintain" | "gain_muscle"; archetype?: "bodybuilder" | ... 4 more ... | undefined; dietaryPreference?: "standard" | ... 3 more ... | undef...' is not assignable to type 'Resolver<{ gender: "male" | "female"; age: number; height: number; weight: number; activityLevel: "sedentary" | "light" | "moderate" | "heavy" | "athlete"; goal: "lose_weight" | "maintain" | "gain_muscle"; archetype: "bodybuilder" | ... 3 more ... | "general"; dietaryPreference: "standard" | ... 2 more ... | "keto";...'.
  Types of parameters 'options' and 'options' are incompatible.
    Type 'ResolverOptions<{ gender: "male" | "female"; age: number; height: number; weight: number; activityLevel: "sedentary" | "light" | "moderate" | "heavy" | "athlete"; goal: "lose_weight" | "maintain" | "gain_muscle"; archetype: "bodybuilder" | ... 3 more ... | "general"; dietaryPreference: "standard" | ... 2 more ... | ...' is not assignable to type 'ResolverOptions<{ gender: "male" | "female"; age: number; height: number; weight: number; activityLevel: "sedentary" | "light" | "moderate" | "heavy" | "athlete"; goal: "lose_weight" | "maintain" | "gain_muscle"; archetype?: "bodybuilder" | ... 4 more ... | undefined; dietaryPreference?: "standard" | ... 3 more ... ...'.
      Type '{ gender: "male" | "female"; age: number; height: number; weight: number; activityLevel: "sedentary" | "light" | "moderate" | "heavy" | "athlete"; goal: "lose_weight" | "maintain" | "gain_muscle"; archetype?: "bodybuilder" | ... 4 more ... | undefined; dietaryPreference?: "standard" | ... 3 more ... | undefined; }' is not assignable to type '{ gender: "male" | "female"; age: number; height: number; weight: number; activityLevel: "sedentary" | "light" | "moderate" | "heavy" | "athlete"; goal: "lose_weight" | "maintain" | "gain_muscle"; archetype: "bodybuilder" | ... 3 more ... | "general"; dietaryPreference: "standard" | ... 2 more ... | "keto"; }'.
src/pages/onboarding/OnboardingScreen.tsx(156,61): error TS2345: Argument of type '(data: UserProfile) => Promise<void>' is not assignable to parameter of type 'SubmitHandler<TFieldValues>'.
  Types of parameters 'data' and 'data' are incompatible.
    Type 'TFieldValues' is not assignable to type '{ gender: "male" | "female"; age: number; height: number; weight: number; activityLevel: "sedentary" | "light" | "moderate" | "heavy" | "athlete"; goal: "lose_weight" | "maintain" | "gain_muscle"; archetype: "bodybuilder" | ... 3 more ... | "general"; dietaryPreference: "standard" | ... 2 more ... | "keto"; }'.
      Type 'FieldValues' is missing the following properties from type '{ gender: "male" | "female"; age: number; height: number; weight: number; activityLevel: "sedentary" | "light" | "moderate" | "heavy" | "athlete"; goal: "lose_weight" | "maintain" | "gain_muscle"; archetype: "bodybuilder" | ... 3 more ... | "general"; dietaryPreference: "standard" | ... 2 more ... | "keto"; }': gender, age, height, weight, and 4 more.
src/pages/onboarding/OnboardingScreen.tsx(307,43): error TS2345: Argument of type '(data: UserProfile) => Promise<void>' is not assignable to parameter of type 'SubmitHandler<TFieldValues>'.
